TN:
SF:/home/sage/w/ipld-schema/proptest/src/schema.rs
FN:159,default
FN:172,is_default<bool>
FN:227,default
FN:262,default
FN:276,default
FN:479,default
FN:531,default
FN:574,fmt
FN:580,fmt
FN:589,fmt
FN:596,fmt
FN:635,fmt
FN:650,fmt
FN:662,fmt
FN:668,fmt
FN:674,fmt
FN:680,fmt
FN:689,fmt
FN:695,fmt
FN:701,fmt
FN:707,fmt
FN:744,fmt
FN:755,fmt
FN:761,fmt
FN:767,fmt
FN:779,fmt
FN:792,fmt
FN:805,fmt
FN:821,fmt
FN:838,fmt
FN:851,fmt
FN:886,{{closure}}
FN:934,fmt
FN:940,fmt
FN:952,fmt
FN:961,fmt
FN:970,fmt
FN:986,fmt
FN:992,fmt
FN:997,new
FNF:40
FNDA:1,default
FNDA:4,is_default<bool>
FNDA:4,default
FNDA:1,default
FNDA:0,default
FNDA:0,default
FNDA:4,default
FNDA:1,fmt
FNDA:1,fmt
FNDA:1,fmt
FNDA:1,fmt
FNDA:1,fmt
FNDA:1,fmt
FNDA:1,fmt
FNDA:1,fmt
FNDA:1,fmt
FNDA:1,fmt
FNDA:1,fmt
FNDA:1,fmt
FNDA:1,fmt
FNDA:1,fmt
FNDA:1,fmt
FNDA:1,fmt
FNDA:1,fmt
FNDA:1,fmt
FNDA:1,fmt
FNDA:1,fmt
FNDA:0,fmt
FNDA:1,fmt
FNDA:1,fmt
FNDA:1,fmt
FNDA:0,{{closure}}
FNDA:1,fmt
FNDA:1,fmt
FNDA:1,fmt
FNDA:1,fmt
FNDA:1,fmt
FNDA:1,fmt
FNDA:1,fmt
FNDA:1181,new
DA:159,1
DA:160,1
DA:172,4
DA:173,8
DA:227,4
DA:228,4
DA:262,1
DA:263,1
DA:276,0
DA:278,0
DA:479,0
DA:480,0
DA:531,4
DA:532,4
DA:574,1
DA:575,1
DA:580,1
DA:581,2
DA:582,1
DA:584,1
DA:589,1
DA:591,1
DA:596,1
DA:597,12
DA:598,2
DA:599,1
DA:600,1
DA:601,1
DA:602,1
DA:603,1
DA:604,1
DA:605,1
DA:606,1
DA:607,1
DA:608,1
DA:609,2
DA:635,1
DA:636,8
DA:637,2
DA:638,1
DA:639,1
DA:640,1
DA:641,1
DA:642,1
DA:643,1
DA:644,2
DA:650,1
DA:651,2
DA:652,2
DA:653,1
DA:655,0
DA:656,0
DA:662,1
DA:663,1
DA:668,1
DA:669,1
DA:674,1
DA:675,1
DA:680,1
DA:681,0
DA:682,2
DA:689,1
DA:690,1
DA:695,1
DA:696,1
DA:701,1
DA:702,1
DA:707,1
DA:708,4
DA:709,1
DA:710,2
DA:711,1
DA:713,1
DA:715,1
DA:716,2
DA:717,1
DA:719,1
DA:720,0
DA:722,1
DA:724,2
DA:725,2
DA:726,2
DA:728,0
DA:729,1
DA:730,0
DA:732,1
DA:733,0
DA:735,1
DA:744,1
DA:745,2
DA:746,1
DA:748,1
DA:755,1
DA:756,1
DA:761,1
DA:762,1
DA:767,1
DA:768,4
DA:769,2
DA:770,1
DA:771,0
DA:772,1
DA:773,2
DA:779,1
DA:780,1
DA:781,3
DA:782,1
DA:784,3
DA:785,1
DA:787,1
DA:792,1
DA:793,1
DA:794,3
DA:795,1
DA:797,3
DA:798,1
DA:800,1
DA:805,0
DA:806,0
DA:807,0
DA:808,0
DA:810,0
DA:811,0
DA:813,0
DA:814,0
DA:815,0
DA:816,0
DA:821,1
DA:822,1
DA:823,3
DA:824,1
DA:826,3
DA:827,1
DA:829,1
DA:830,0
DA:832,0
DA:838,1
DA:839,1
DA:840,3
DA:841,1
DA:843,3
DA:844,1
DA:846,1
DA:851,1
DA:852,2
DA:853,2
DA:854,1
DA:855,3
DA:856,1
DA:857,3
DA:858,1
DA:859,2
DA:860,1
DA:862,1
DA:865,3
DA:866,1
DA:868,1
DA:870,0
DA:871,0
DA:872,0
DA:873,0
DA:875,0
DA:876,0
DA:878,0
DA:879,0
DA:880,0
DA:881,0
DA:882,0
DA:884,0
DA:885,0
DA:886,0
DA:887,0
DA:888,0
DA:890,0
DA:892,0
DA:894,0
DA:895,0
DA:896,0
DA:897,0
DA:899,0
DA:900,0
DA:902,0
DA:903,0
DA:904,0
DA:905,0
DA:907,0
DA:908,0
DA:909,0
DA:910,0
DA:912,0
DA:913,0
DA:915,0
DA:916,0
DA:917,0
DA:919,0
DA:920,0
DA:921,0
DA:922,0
DA:924,0
DA:925,0
DA:927,0
DA:934,1
DA:935,1
DA:940,1
DA:941,2
DA:942,1
DA:944,1
DA:945,0
DA:947,1
DA:952,1
DA:953,2
DA:954,2
DA:955,2
DA:961,1
DA:962,2
DA:963,2
DA:964,2
DA:970,1
DA:971,1
DA:973,3
DA:974,1
DA:976,3
DA:977,1
DA:979,1
DA:986,1
DA:987,1
DA:992,1
DA:993,1
DA:997,1181
DA:1003,4
DA:1007,14
DA:1009,2
DA:1012,1
DA:1015,9
DA:1017,4
DA:1018,4
DA:1019,4
DA:1020,4
DA:1021,4
DA:1025,8
DA:1027,2
DA:1029,1
DA:1030,1
DA:1031,1
DA:1032,1
DA:1033,1
DA:1037,6
DA:1039,1
DA:1040,1
DA:1041,1
DA:1042,1
DA:1043,1
DA:1053,3
DA:1055,1
DA:1056,3
DA:1057,1
DA:1058,1
DA:1059,1
DA:1060,4
DA:1061,1
DA:1062,1
DA:1063,1
DA:1064,5
DA:1065,16
DA:1066,1
DA:1067,3
DA:1080,3
DA:1081,0
DA:1084,1
DA:1090,1
DA:1091,13
DA:1092,13
DA:1093,1
DA:1094,17
DA:1095,2
DA:1097,9
DA:1098,8
DA:1100,4
DA:1102,9
DA:1103,4
DA:1104,4
DA:1105,4
DA:1106,4
DA:1107,4
DA:1108,4
DA:1109,1
DA:1110,1
DA:1111,4
DA:1122,4
DA:1123,0
DA:1124,4
DA:1125,0
DA:1126,0
DA:1127,0
DA:1128,4
DA:1135,4
DA:1138,19
DA:1139,0
DA:1141,13
DA:1143,3
DA:1144,4
DA:1145,1
DA:1146,2
DA:1147,3
DA:1149,5
DA:1150,15
DA:1151,5
DA:1152,28
DA:1155,5
DA:1157,17
DA:1158,8
DA:1161,4
DA:1162,0
DA:1164,0
DA:1165,0
DA:1166,0
DA:1169,0
DA:1171,0
DA:1174,5
DA:1176,0
DA:1178,0
DA:1179,0
DA:1180,0
DA:1181,0
DA:1182,0
DA:1188,5
DA:1190,0
DA:1192,0
DA:1193,0
DA:1194,0
DA:1195,0
DA:1196,0
DA:1202,5
DA:1204,0
DA:1205,0
DA:1206,0
DA:1210,5
DA:1216,5
DA:1219,16
DA:1220,8
DA:1222,8
LF:341
LH:245
end_of_record
